build/app/intermediates/manifest_merge_blame_file/release/manifest-merger-blame-release-report.txt
1<?xml version="1.0" encoding="utf-8"?>
2<manifest xmlns:android="http://schemas.android.com/apk/res/android"
3    package="com.example.untitled11"
4    android:versionCode="1"
5    android:versionName="1.0.0" >
6
7    <uses-sdk
8        android:minSdkVersion="21"
8-->src\main\AndroidManifest.xml
9        android:targetSdkVersion="31" />
9-->src\main\AndroidManifest.xml
10
11    <uses-permission android:name="android.permission.READ_EXTERNAL_STORAGE" />
11-->src\main\AndroidManifest.xml:6:5-80
11-->src\main\AndroidManifest.xml:6:22-77
12    <uses-permission android:name="android.permission.WRITE_EXTERNAL_STORAGE" />
12-->src\main\AndroidManifest.xml:7:5-81
12-->src\main\AndroidManifest.xml:7:22-78
13    <uses-permission android:name="android.permission.INTERNET" />
13-->src\main\AndroidManifest.xml:8:5-66
13-->src\main\AndroidManifest.xml:8:22-64
14    <uses-permission android:name="android.permission.INTERNET" />
14-->src\main\AndroidManifest.xml:8:5-66
14-->src\main\AndroidManifest.xml:8:22-64
15    <uses-permission android:name="android.permission.WAKE_LOCK" />
15-->[:firebase_messaging] AndroidManifest.xml:10:5-68
15-->[:firebase_messaging] AndroidManifest.xml:10:22-65
16    <uses-permission android:name="android.permission.ACCESS_NETWORK_STATE" /> <!-- Permissions options for the `notification` group -->
16-->[:firebase_messaging] AndroidManifest.xml:11:5-79
16-->[:firebase_messaging] AndroidManifest.xml:11:22-76
17    <uses-permission android:name="android.permission.POST_NOTIFICATIONS" />
17-->[:firebase_messaging] AndroidManifest.xml:13:5-77
17-->[:firebase_messaging] AndroidManifest.xml:13:22-74
18    <uses-permission android:name="android.permission.BROADCAST_CLOSE_SYSTEM_DIALOGS" />
18-->[:awesome_notifications] AndroidManifest.xml:10:5-89
18-->[:awesome_notifications] AndroidManifest.xml:10:22-86
19    <uses-permission android:name="android.permission.RECEIVE_BOOT_COMPLETED" />
19-->[:awesome_notifications] AndroidManifest.xml:11:5-81
19-->[:awesome_notifications] AndroidManifest.xml:11:22-78
20    <uses-permission android:name="android.permission.VIBRATE" /> <!-- Required by older versions of Google Play services to create IID tokens -->
20-->[:awesome_notifications] AndroidManifest.xml:12:5-66
20-->[:awesome_notifications] AndroidManifest.xml:12:22-63
21    <uses-permission android:name="com.google.android.c2dm.permission.RECEIVE" />
21-->[com.google.firebase:firebase-iid:21.1.0] AndroidManifest.xml:26:5-82
21-->[com.google.firebase:firebase-iid:21.1.0] AndroidManifest.xml:26:22-79
22    <uses-permission android:name="com.google.android.finsky.permission.BIND_GET_INSTALL_REFERRER_SERVICE" />
22-->[com.google.android.gms:play-services-measurement:21.2.0] AndroidManifest.xml:26:5-110
22-->[com.google.android.gms:play-services-measurement:21.2.0] AndroidManifest.xml:26:22-107
23    <uses-permission android:name="com.google.android.gms.permission.AD_ID" />
23-->[com.google.android.gms:play-services-measurement-impl:21.2.0] AndroidManifest.xml:27:5-79
23-->[com.google.android.gms:play-services-measurement-impl:21.2.0] AndroidManifest.xml:27:22-76
24
25    <permission
25-->[androidx.core:core:1.9.0] AndroidManifest.xml:22:5-24:47
26        android:name="com.example.untitled11.DYNAMIC_RECEIVER_NOT_EXPORTED_PERMISSION"
26-->[androidx.core:core:1.9.0] AndroidManifest.xml:23:9-81
27        android:protectionLevel="signature" />
27-->[androidx.core:core:1.9.0] AndroidManifest.xml:24:9-44
28
29    <uses-permission android:name="com.example.untitled11.DYNAMIC_RECEIVER_NOT_EXPORTED_PERMISSION" /> <!-- for android -->
29-->[androidx.core:core:1.9.0] AndroidManifest.xml:26:5-97
29-->[androidx.core:core:1.9.0] AndroidManifest.xml:26:22-94
30    <!-- <uses-permission android:name="com.android.launcher.permission.READ_SETTINGS"/> -->
31    <!-- <uses-permission android:name="com.android.launcher.permission.WRITE_SETTINGS"/> -->
32    <!-- <uses-permission android:name="com.android.launcher.permission.INSTALL_SHORTCUT" /> -->
33    <!-- <uses-permission android:name="com.android.launcher.permission.UNINSTALL_SHORTCUT" /> -->
34    <!-- for Samsung -->
35    <uses-permission android:name="com.sec.android.provider.badge.permission.READ" />
35-->[me.leolin:ShortcutBadger:1.1.22] AndroidManifest.xml:19:5-86
35-->[me.leolin:ShortcutBadger:1.1.22] AndroidManifest.xml:19:22-83
36    <uses-permission android:name="com.sec.android.provider.badge.permission.WRITE" /> <!-- for htc -->
36-->[me.leolin:ShortcutBadger:1.1.22] AndroidManifest.xml:20:5-87
36-->[me.leolin:ShortcutBadger:1.1.22] AndroidManifest.xml:20:22-84
37    <uses-permission android:name="com.htc.launcher.permission.READ_SETTINGS" />
37-->[me.leolin:ShortcutBadger:1.1.22] AndroidManifest.xml:23:5-81
37-->[me.leolin:ShortcutBadger:1.1.22] AndroidManifest.xml:23:22-78
38    <uses-permission android:name="com.htc.launcher.permission.UPDATE_SHORTCUT" /> <!-- for sony -->
38-->[me.leolin:ShortcutBadger:1.1.22] AndroidManifest.xml:24:5-83
38-->[me.leolin:ShortcutBadger:1.1.22] AndroidManifest.xml:24:22-80
39    <uses-permission android:name="com.sonyericsson.home.permission.BROADCAST_BADGE" />
39-->[me.leolin:ShortcutBadger:1.1.22] AndroidManifest.xml:27:5-88
39-->[me.leolin:ShortcutBadger:1.1.22] AndroidManifest.xml:27:22-85
40    <uses-permission android:name="com.sonymobile.home.permission.PROVIDER_INSERT_BADGE" /> <!-- for apex -->
40-->[me.leolin:ShortcutBadger:1.1.22] AndroidManifest.xml:28:5-92
40-->[me.leolin:ShortcutBadger:1.1.22] AndroidManifest.xml:28:22-89
41    <uses-permission android:name="com.anddoes.launcher.permission.UPDATE_COUNT" /> <!-- for solid -->
41-->[me.leolin:ShortcutBadger:1.1.22] AndroidManifest.xml:31:5-84
41-->[me.leolin:ShortcutBadger:1.1.22] AndroidManifest.xml:31:22-81
42    <uses-permission android:name="com.majeur.launcher.permission.UPDATE_BADGE" /> <!-- for huawei -->
42-->[me.leolin:ShortcutBadger:1.1.22] AndroidManifest.xml:34:5-83
42-->[me.leolin:ShortcutBadger:1.1.22] AndroidManifest.xml:34:22-80
43    <uses-permission android:name="com.huawei.android.launcher.permission.CHANGE_BADGE" />
43-->[me.leolin:ShortcutBadger:1.1.22] AndroidManifest.xml:37:5-91
43-->[me.leolin:ShortcutBadger:1.1.22] AndroidManifest.xml:37:22-88
44    <uses-permission android:name="com.huawei.android.launcher.permission.READ_SETTINGS" />
44-->[me.leolin:ShortcutBadger:1.1.22] AndroidManifest.xml:38:5-92
44-->[me.leolin:ShortcutBadger:1.1.22] AndroidManifest.xml:38:22-89
45    <uses-permission android:name="com.huawei.android.launcher.permission.WRITE_SETTINGS" /> <!-- for ZUK -->
45-->[me.leolin:ShortcutBadger:1.1.22] AndroidManifest.xml:39:5-93
45-->[me.leolin:ShortcutBadger:1.1.22] AndroidManifest.xml:39:22-90
46    <uses-permission android:name="android.permission.READ_APP_BADGE" /> <!-- for OPPO -->
46-->[me.leolin:ShortcutBadger:1.1.22] AndroidManifest.xml:42:5-73
46-->[me.leolin:ShortcutBadger:1.1.22] AndroidManifest.xml:42:22-70
47    <uses-permission android:name="com.oppo.launcher.permission.READ_SETTINGS" />
47-->[me.leolin:ShortcutBadger:1.1.22] AndroidManifest.xml:45:5-82
47-->[me.leolin:ShortcutBadger:1.1.22] AndroidManifest.xml:45:22-79
48    <uses-permission android:name="com.oppo.launcher.permission.WRITE_SETTINGS" /> <!-- for EvMe -->
48-->[me.leolin:ShortcutBadger:1.1.22] AndroidManifest.xml:46:5-83
48-->[me.leolin:ShortcutBadger:1.1.22] AndroidManifest.xml:46:22-80
49    <uses-permission android:name="me.everything.badger.permission.BADGE_COUNT_READ" />
49-->[me.leolin:ShortcutBadger:1.1.22] AndroidManifest.xml:49:5-88
49-->[me.leolin:ShortcutBadger:1.1.22] AndroidManifest.xml:49:22-85
50    <uses-permission android:name="me.everything.badger.permission.BADGE_COUNT_WRITE" />
50-->[me.leolin:ShortcutBadger:1.1.22] AndroidManifest.xml:50:5-89
50-->[me.leolin:ShortcutBadger:1.1.22] AndroidManifest.xml:50:22-86
51
52    <application
53        android:name="android.app.Application"
53-->src\main\AndroidManifest.xml:12:9-42
54        android:appComponentFactory="androidx.core.app.CoreComponentFactory"
54-->[androidx.core:core:1.9.0] AndroidManifest.xml:28:18-86
55        android:icon="@mipmap/ic_launcher"
55-->src\main\AndroidManifest.xml:13:9-43
56        android:label="AisoneAccess"
56-->src\main\AndroidManifest.xml:11:9-37
57        android:requestLegacyExternalStorage="true" >
57-->src\main\AndroidManifest.xml:10:9-52
58        <activity
58-->src\main\AndroidManifest.xml:14:9-38:20
59            android:name="com.example.aisoneaccess.MainActivity"
59-->src\main\AndroidManifest.xml:15:13-41
60            android:configChanges="orientation|keyboardHidden|keyboard|screenSize|smallestScreenSize|locale|layoutDirection|fontScale|screenLayout|density|uiMode"
60-->src\main\AndroidManifest.xml:19:13-163
61            android:exported="true"
61-->src\main\AndroidManifest.xml:16:13-36
62            android:hardwareAccelerated="true"
62-->src\main\AndroidManifest.xml:20:13-47
63            android:launchMode="singleTop"
63-->src\main\AndroidManifest.xml:17:13-43
64            android:theme="@style/LaunchTheme"
64-->src\main\AndroidManifest.xml:18:13-47
65            android:windowSoftInputMode="adjustResize" >
65-->src\main\AndroidManifest.xml:21:13-55
66
67            <!--
68                 Specifies an Android theme to apply to this Activity as soon as
69                 the Android process has started. This theme is visible to the user
70                 while the Flutter UI initializes. After that, this theme continues
71                 to determine the Window background behind the Flutter UI.
72            -->
73            <meta-data
73-->src\main\AndroidManifest.xml:26:13-29:17
74                android:name="io.flutter.embedding.android.NormalTheme"
74-->src\main\AndroidManifest.xml:27:15-70
75                android:resource="@style/NormalTheme" />
75-->src\main\AndroidManifest.xml:28:15-52
76            <meta-data
76-->src\main\AndroidManifest.xml:30:13-32:54
77                android:name="com.google.firebase.messaging.default_notification_channel_id"
77-->src\main\AndroidManifest.xml:31:17-93
78                android:value="pushnotificationapp" />
78-->src\main\AndroidManifest.xml:32:17-52
79
80            <intent-filter>
80-->src\main\AndroidManifest.xml:34:13-37:29
81                <action android:name="android.intent.action.MAIN" />
81-->src\main\AndroidManifest.xml:35:17-68
81-->src\main\AndroidManifest.xml:35:25-66
82
83                <category android:name="android.intent.category.LAUNCHER" />
83-->src\main\AndroidManifest.xml:36:17-76
83-->src\main\AndroidManifest.xml:36:27-74
84            </intent-filter>
85        </activity>
86        <!--
87             Don't delete the meta-data below.
88             This is used by the Flutter tool to generate GeneratedPluginRegistrant.java
89        -->
90        <meta-data
90-->src\main\AndroidManifest.xml:41:9-43:33
91            android:name="flutterEmbedding"
91-->src\main\AndroidManifest.xml:42:13-44
92            android:value="2" />
92-->src\main\AndroidManifest.xml:43:13-30
93
94        <service
94-->[:firebase_messaging] AndroidManifest.xml:16:9-19:72
95            android:name="io.flutter.plugins.firebase.messaging.FlutterFirebaseMessagingBackgroundService"
95-->[:firebase_messaging] AndroidManifest.xml:17:13-107
96            android:exported="false"
96-->[:firebase_messaging] AndroidManifest.xml:18:13-37
97            android:permission="android.permission.BIND_JOB_SERVICE" />
97-->[:firebase_messaging] AndroidManifest.xml:19:13-69
98        <service
98-->[:firebase_messaging] AndroidManifest.xml:20:9-26:19
99            android:name="io.flutter.plugins.firebase.messaging.FlutterFirebaseMessagingService"
99-->[:firebase_messaging] AndroidManifest.xml:21:13-97
100            android:exported="false" >
100-->[:firebase_messaging] AndroidManifest.xml:22:13-37
101            <intent-filter>
101-->[:firebase_messaging] AndroidManifest.xml:23:13-25:29
102                <action android:name="com.google.firebase.MESSAGING_EVENT" />
102-->[:firebase_messaging] AndroidManifest.xml:24:17-78
102-->[:firebase_messaging] AndroidManifest.xml:24:25-75
103            </intent-filter>
104        </service>
105
106        <receiver
106-->[:firebase_messaging] AndroidManifest.xml:28:9-35:20
107            android:name="io.flutter.plugins.firebase.messaging.FlutterFirebaseMessagingReceiver"
107-->[:firebase_messaging] AndroidManifest.xml:29:13-98
108            android:exported="true"
108-->[:firebase_messaging] AndroidManifest.xml:30:13-36
109            android:permission="com.google.android.c2dm.permission.SEND" >
109-->[:firebase_messaging] AndroidManifest.xml:31:13-73
110            <intent-filter>
110-->[:firebase_messaging] AndroidManifest.xml:32:13-34:29
111                <action android:name="com.google.android.c2dm.intent.RECEIVE" />
111-->[:firebase_messaging] AndroidManifest.xml:33:17-81
111-->[:firebase_messaging] AndroidManifest.xml:33:25-78
112            </intent-filter>
113        </receiver>
114
115        <service
115-->[:firebase_messaging] AndroidManifest.xml:37:9-41:19
116            android:name="com.google.firebase.components.ComponentDiscoveryService"
116-->[:firebase_messaging] AndroidManifest.xml:37:18-89
117            android:directBootAware="true"
117-->[com.google.firebase:firebase-common:20.2.0] AndroidManifest.xml:34:13-43
118            android:exported="false" >
118-->[com.google.firebase:firebase-iid:21.1.0] AndroidManifest.xml:31:13-37
119            <meta-data
119-->[:firebase_messaging] AndroidManifest.xml:38:13-40:85
120                android:name="com.google.firebase.components:io.flutter.plugins.firebase.messaging.FlutterFirebaseAppRegistrar"
120-->[:firebase_messaging] AndroidManifest.xml:39:17-128
121                android:value="com.google.firebase.components.ComponentRegistrar" />
121-->[:firebase_messaging] AndroidManifest.xml:40:17-82
122            <meta-data
122-->[:firebase_core] AndroidManifest.xml:11:13-13:85
123                android:name="com.google.firebase.components:io.flutter.plugins.firebase.core.FlutterFirebaseCoreRegistrar"
123-->[:firebase_core] AndroidManifest.xml:12:17-124
124                android:value="com.google.firebase.components.ComponentRegistrar" />
124-->[:firebase_core] AndroidManifest.xml:13:17-82
125            <meta-data
125-->[com.google.firebase:firebase-iid:21.1.0] AndroidManifest.xml:32:13-34:85
126                android:name="com.google.firebase.components:com.google.firebase.iid.Registrar"
126-->[com.google.firebase:firebase-iid:21.1.0] AndroidManifest.xml:33:17-96
127                android:value="com.google.firebase.components.ComponentRegistrar" />
127-->[com.google.firebase:firebase-iid:21.1.0] AndroidManifest.xml:34:17-82
128            <meta-data
128-->[com.google.firebase:firebase-messaging:23.1.1] AndroidManifest.xml:55:13-57:85
129                android:name="com.google.firebase.components:com.google.firebase.messaging.FirebaseMessagingRegistrar"
129-->[com.google.firebase:firebase-messaging:23.1.1] AndroidManifest.xml:56:17-119
130                android:value="com.google.firebase.components.ComponentRegistrar" />
130-->[com.google.firebase:firebase-messaging:23.1.1] AndroidManifest.xml:57:17-82
131            <meta-data
131-->[com.google.android.gms:play-services-measurement-api:21.2.0] AndroidManifest.xml:31:13-33:85
132                android:name="com.google.firebase.components:com.google.firebase.analytics.connector.internal.AnalyticsConnectorRegistrar"
132-->[com.google.android.gms:play-services-measurement-api:21.2.0] AndroidManifest.xml:32:17-139
133                android:value="com.google.firebase.components.ComponentRegistrar" />
133-->[com.google.android.gms:play-services-measurement-api:21.2.0] AndroidManifest.xml:33:17-82
134            <meta-data
134-->[com.google.firebase:firebase-installations:17.1.0] AndroidManifest.xml:17:13-19:85
135                android:name="com.google.firebase.components:com.google.firebase.installations.FirebaseInstallationsRegistrar"
135-->[com.google.firebase:firebase-installations:17.1.0] AndroidManifest.xml:18:17-127
136                android:value="com.google.firebase.components.ComponentRegistrar" />
136-->[com.google.firebase:firebase-installations:17.1.0] AndroidManifest.xml:19:17-82
137            <meta-data
137-->[com.google.firebase:firebase-datatransport:18.1.7] AndroidManifest.xml:27:13-29:85
138                android:name="com.google.firebase.components:com.google.firebase.datatransport.TransportRegistrar"
138-->[com.google.firebase:firebase-datatransport:18.1.7] AndroidManifest.xml:28:17-115
139                android:value="com.google.firebase.components.ComponentRegistrar" />
139-->[com.google.firebase:firebase-datatransport:18.1.7] AndroidManifest.xml:29:17-82
140        </service>
141
142        <provider
142-->[:firebase_messaging] AndroidManifest.xml:43:9-47:38
143            android:name="io.flutter.plugins.firebase.messaging.FlutterFirebaseMessagingInitProvider"
143-->[:firebase_messaging] AndroidManifest.xml:44:13-102
144            android:authorities="com.example.untitled11.flutterfirebasemessaginginitprovider"
144-->[:firebase_messaging] AndroidManifest.xml:45:13-88
145            android:exported="false"
145-->[:firebase_messaging] AndroidManifest.xml:46:13-37
146            android:initOrder="99" />
146-->[:firebase_messaging] AndroidManifest.xml:47:13-35
147
148        <receiver
148-->[:awesome_notifications] AndroidManifest.xml:15:9-17:39
149            android:name="me.carda.awesome_notifications.DartNotificationActionReceiver"
149-->[:awesome_notifications] AndroidManifest.xml:16:13-89
150            android:exported="true" />
150-->[:awesome_notifications] AndroidManifest.xml:17:13-36
151        <receiver
151-->[:awesome_notifications] AndroidManifest.xml:18:9-20:39
152            android:name="me.carda.awesome_notifications.DartDismissedNotificationReceiver"
152-->[:awesome_notifications] AndroidManifest.xml:19:13-92
153            android:exported="true" />
153-->[:awesome_notifications] AndroidManifest.xml:20:13-36
154        <receiver
154-->[:awesome_notifications] AndroidManifest.xml:21:9-23:39
155            android:name="me.carda.awesome_notifications.DartScheduledNotificationReceiver"
155-->[:awesome_notifications] AndroidManifest.xml:22:13-92
156            android:exported="true" />
156-->[:awesome_notifications] AndroidManifest.xml:23:13-36
157        <receiver
157-->[:awesome_notifications] AndroidManifest.xml:24:9-38:20
158            android:name="me.carda.awesome_notifications.DartRefreshSchedulesReceiver"
158-->[:awesome_notifications] AndroidManifest.xml:25:13-87
159            android:enabled="true"
159-->[:awesome_notifications] AndroidManifest.xml:26:13-35
160            android:exported="true" >
160-->[:awesome_notifications] AndroidManifest.xml:27:13-36
161            <intent-filter>
161-->[:awesome_notifications] AndroidManifest.xml:28:13-37:29
162                <category android:name="android.intent.category.DEFAULT" />
162-->[:awesome_notifications] AndroidManifest.xml:29:17-76
162-->[:awesome_notifications] AndroidManifest.xml:29:27-73
163
164                <action android:name="android.intent.action.BOOT_COMPLETED" />
164-->[:awesome_notifications] AndroidManifest.xml:31:17-79
164-->[:awesome_notifications] AndroidManifest.xml:31:25-76
165                <action android:name="android.intent.action.LOCKED_BOOT_COMPLETED" />
165-->[:awesome_notifications] AndroidManifest.xml:32:17-86
165-->[:awesome_notifications] AndroidManifest.xml:32:25-83
166                <action android:name="android.intent.action.MY_PACKAGE_REPLACED" />
166-->[:awesome_notifications] AndroidManifest.xml:33:17-84
166-->[:awesome_notifications] AndroidManifest.xml:33:25-81
167                <action android:name="android.intent.action.QUICKBOOT_POWERON" />
167-->[:awesome_notifications] AndroidManifest.xml:34:17-82
167-->[:awesome_notifications] AndroidManifest.xml:34:25-79
168                <action android:name="com.htc.intent.action.QUICKBOOT_POWERON" />
168-->[:awesome_notifications] AndroidManifest.xml:35:17-82
168-->[:awesome_notifications] AndroidManifest.xml:35:25-79
169                <action android:name="android.app.action.SCHEDULE_EXACT_ALARM_PERMISSION_STATE_CHANGED" />
169-->[:awesome_notifications] AndroidManifest.xml:36:17-107
169-->[:awesome_notifications] AndroidManifest.xml:36:25-104
170            </intent-filter>
171        </receiver>
172
173        <service
173-->[:awesome_notifications] AndroidManifest.xml:40:9-43:72
174            android:name="me.carda.awesome_notifications.DartBackgroundService"
174-->[:awesome_notifications] AndroidManifest.xml:41:13-80
175            android:exported="false"
175-->[:awesome_notifications] AndroidManifest.xml:42:13-37
176            android:permission="android.permission.BIND_JOB_SERVICE" />
176-->[:awesome_notifications] AndroidManifest.xml:43:13-69
177        <service
177-->[:awesome_notifications] AndroidManifest.xml:44:9-49:43
178            android:name="me.carda.awesome_notifications.core.services.ForegroundService"
178-->[:awesome_notifications] AndroidManifest.xml:45:13-90
179            android:enabled="true"
179-->[:awesome_notifications] AndroidManifest.xml:46:13-35
180            android:exported="false"
180-->[:awesome_notifications] AndroidManifest.xml:47:13-37
181            android:foregroundServiceType="phoneCall"
181-->[:awesome_notifications] AndroidManifest.xml:48:13-54
182            android:stopWithTask="true" />
182-->[:awesome_notifications] AndroidManifest.xml:49:13-40
183
184        <activity
184-->[:url_launcher_android] AndroidManifest.xml:10:9-13:74
185            android:name="io.flutter.plugins.urllauncher.WebViewActivity"
185-->[:url_launcher_android] AndroidManifest.xml:11:13-74
186            android:exported="false"
186-->[:url_launcher_android] AndroidManifest.xml:12:13-37
187            android:theme="@android:style/Theme.NoTitleBar.Fullscreen" />
187-->[:url_launcher_android] AndroidManifest.xml:13:13-71
188        <!--
189           Declares a provider which allows us to store files to share in
190           '.../caches/share_plus' and grant the receiving action access
191        -->
192        <provider
192-->[:share_plus] AndroidManifest.xml:15:9-23:20
193            android:name="dev.fluttercommunity.plus.share.ShareFileProvider"
193-->[:share_plus] AndroidManifest.xml:16:13-77
194            android:authorities="com.example.untitled11.flutter.share_provider"
194-->[:share_plus] AndroidManifest.xml:17:13-74
195            android:exported="false"
195-->[:share_plus] AndroidManifest.xml:18:13-37
196            android:grantUriPermissions="true" >
196-->[:share_plus] AndroidManifest.xml:19:13-47
197            <meta-data
197-->[:share_plus] AndroidManifest.xml:20:13-22:68
198                android:name="android.support.FILE_PROVIDER_PATHS"
198-->[:share_plus] AndroidManifest.xml:21:17-67
199                android:resource="@xml/flutter_share_file_paths" />
199-->[:share_plus] AndroidManifest.xml:22:17-65
200        </provider>
201        <!--
202           This manifest declared broadcast receiver allows us to use an explicit
203           Intent when creating a PendingItent to be informed of the user's choice
204        -->
205        <receiver
205-->[:share_plus] AndroidManifest.xml:28:9-34:20
206            android:name="dev.fluttercommunity.plus.share.SharePlusPendingIntent"
206-->[:share_plus] AndroidManifest.xml:29:13-82
207            android:exported="true" >
207-->[:share_plus] AndroidManifest.xml:30:13-36
208            <intent-filter>
208-->[:share_plus] AndroidManifest.xml:31:13-33:29
209                <action android:name="EXTRA_CHOSEN_COMPONENT" />
209-->[:share_plus] AndroidManifest.xml:32:17-65
209-->[:share_plus] AndroidManifest.xml:32:25-62
210            </intent-filter>
211        </receiver>
212
213        <provider
213-->[:share] AndroidManifest.xml:10:9-18:20
214            android:name="io.flutter.plugins.share.ShareFileProvider"
214-->[:share] AndroidManifest.xml:11:13-70
215            android:authorities="com.example.untitled11.flutter.share_provider"
215-->[:share] AndroidManifest.xml:12:13-74
216            android:exported="false"
216-->[:share] AndroidManifest.xml:13:13-37
217            android:grantUriPermissions="true" >
217-->[:share] AndroidManifest.xml:14:13-47
218            <meta-data
218-->[:share_plus] AndroidManifest.xml:20:13-22:68
219                android:name="android.support.FILE_PROVIDER_PATHS"
219-->[:share_plus] AndroidManifest.xml:21:17-67
220                android:resource="@xml/flutter_share_file_paths" />
220-->[:share_plus] AndroidManifest.xml:22:17-65
221        </provider>
222
223        <receiver
223-->[com.google.android.gms:play-services-measurement:21.2.0] AndroidManifest.xml:29:9-33:20
224            android:name="com.google.android.gms.measurement.AppMeasurementReceiver"
224-->[com.google.android.gms:play-services-measurement:21.2.0] AndroidManifest.xml:30:13-85
225            android:enabled="true"
225-->[com.google.android.gms:play-services-measurement:21.2.0] AndroidManifest.xml:31:13-35
226            android:exported="false" >
226-->[com.google.android.gms:play-services-measurement:21.2.0] AndroidManifest.xml:32:13-37
227        </receiver>
228
229        <service
229-->[com.google.android.gms:play-services-measurement:21.2.0] AndroidManifest.xml:35:9-38:40
230            android:name="com.google.android.gms.measurement.AppMeasurementService"
230-->[com.google.android.gms:play-services-measurement:21.2.0] AndroidManifest.xml:36:13-84
231            android:enabled="true"
231-->[com.google.android.gms:play-services-measurement:21.2.0] AndroidManifest.xml:37:13-35
232            android:exported="false" />
232-->[com.google.android.gms:play-services-measurement:21.2.0] AndroidManifest.xml:38:13-37
233        <service
233-->[com.google.android.gms:play-services-measurement:21.2.0] AndroidManifest.xml:39:9-43:72
234            android:name="com.google.android.gms.measurement.AppMeasurementJobService"
234-->[com.google.android.gms:play-services-measurement:21.2.0] AndroidManifest.xml:40:13-87
235            android:enabled="true"
235-->[com.google.android.gms:play-services-measurement:21.2.0] AndroidManifest.xml:41:13-35
236            android:exported="false"
236-->[com.google.android.gms:play-services-measurement:21.2.0] AndroidManifest.xml:42:13-37
237            android:permission="android.permission.BIND_JOB_SERVICE" />
237-->[com.google.android.gms:play-services-measurement:21.2.0] AndroidManifest.xml:43:13-69
238
239        <receiver
239-->[com.google.firebase:firebase-messaging:23.1.1] AndroidManifest.xml:31:9-38:20
240            android:name="com.google.firebase.iid.FirebaseInstanceIdReceiver"
240-->[com.google.firebase:firebase-messaging:23.1.1] AndroidManifest.xml:32:13-78
241            android:exported="true"
241-->[com.google.firebase:firebase-messaging:23.1.1] AndroidManifest.xml:33:13-36
242            android:permission="com.google.android.c2dm.permission.SEND" >
242-->[com.google.firebase:firebase-messaging:23.1.1] AndroidManifest.xml:34:13-73
243            <intent-filter>
243-->[:firebase_messaging] AndroidManifest.xml:32:13-34:29
244                <action android:name="com.google.android.c2dm.intent.RECEIVE" />
244-->[:firebase_messaging] AndroidManifest.xml:33:17-81
244-->[:firebase_messaging] AndroidManifest.xml:33:25-78
245            </intent-filter>
246        </receiver>
247        <!--
248             FirebaseMessagingService performs security checks at runtime,
249             but set to not exported to explicitly avoid allowing another app to call it.
250        -->
251        <service
251-->[com.google.firebase:firebase-messaging:23.1.1] AndroidManifest.xml:44:9-51:19
252            android:name="com.google.firebase.messaging.FirebaseMessagingService"
252-->[com.google.firebase:firebase-messaging:23.1.1] AndroidManifest.xml:45:13-82
253            android:directBootAware="true"
253-->[com.google.firebase:firebase-messaging:23.1.1] AndroidManifest.xml:46:13-43
254            android:exported="false" >
254-->[com.google.firebase:firebase-messaging:23.1.1] AndroidManifest.xml:47:13-37
255            <intent-filter android:priority="-500" >
255-->[:firebase_messaging] AndroidManifest.xml:23:13-25:29
256                <action android:name="com.google.firebase.MESSAGING_EVENT" />
256-->[:firebase_messaging] AndroidManifest.xml:24:17-78
256-->[:firebase_messaging] AndroidManifest.xml:24:25-75
257            </intent-filter>
258        </service>
259
260        <provider
260-->[com.google.firebase:firebase-common:20.2.0] AndroidManifest.xml:25:9-30:39
261            android:name="com.google.firebase.provider.FirebaseInitProvider"
261-->[com.google.firebase:firebase-common:20.2.0] AndroidManifest.xml:26:13-77
262            android:authorities="com.example.untitled11.firebaseinitprovider"
262-->[com.google.firebase:firebase-common:20.2.0] AndroidManifest.xml:27:13-72
263            android:directBootAware="true"
263-->[com.google.firebase:firebase-common:20.2.0] AndroidManifest.xml:28:13-43
264            android:exported="false"
264-->[com.google.firebase:firebase-common:20.2.0] AndroidManifest.xml:29:13-37
265            android:initOrder="100" />
265-->[com.google.firebase:firebase-common:20.2.0] AndroidManifest.xml:30:13-36
266
267        <activity
267-->[com.google.android.gms:play-services-base:18.0.1] AndroidManifest.xml:20:9-22:45
268            android:name="com.google.android.gms.common.api.GoogleApiActivity"
268-->[com.google.android.gms:play-services-base:18.0.1] AndroidManifest.xml:20:19-85
269            android:exported="false"
269-->[com.google.android.gms:play-services-base:18.0.1] AndroidManifest.xml:22:19-43
270            android:theme="@android:style/Theme.Translucent.NoTitleBar" />
270-->[com.google.android.gms:play-services-base:18.0.1] AndroidManifest.xml:21:19-78
271
272        <meta-data